[2020-11-19 05:09:39,298] SEVERE {b7a.log.crash} - -1 
java.lang.ArrayIndexOutOfBoundsException: -1
	at org.objectweb.asm.Frame.getConcreteOutputType(Frame.java:1139)
	at org.objectweb.asm.Frame.merge(Frame.java:1184)
	at org.objectweb.asm.MethodWriter.computeAllFrames(MethodWriter.java:1607)
	at org.objectweb.asm.MethodWriter.visitMaxs(MethodWriter.java:1543)
	at org.wso2.ballerinalang.compiler.bir.codegen.JvmMethodGen.genJMethodForBFunc(JvmMethodGen.java:534)
	at org.wso2.ballerinalang.compiler.bir.codegen.JvmMethodGen.generateMethod(JvmMethodGen.java:248)
	at org.wso2.ballerinalang.compiler.bir.codegen.JvmValueGen$ObjectGenerator.createObjectMethods(JvmValueGen.java:310)
	at org.wso2.ballerinalang.compiler.bir.codegen.JvmValueGen$ObjectGenerator.createObjectValueClass(JvmValueGen.java:1192)
	at org.wso2.ballerinalang.compiler.bir.codegen.JvmValueGen$ObjectGenerator.generateValueClasses(JvmValueGen.java:1161)
	at org.wso2.ballerinalang.compiler.bir.codegen.JvmPackageGen.generatePackage(JvmPackageGen.java:280)
	at org.wso2.ballerinalang.compiler.bir.codegen.CodeGenerator.generate(CodeGenerator.java:101)
	at org.wso2.ballerinalang.compiler.bir.BackendDriver.codeGen(BackendDriver.java:77)
	at org.wso2.ballerinalang.compiler.bir.BackendDriver.execute(BackendDriver.java:73)
	at org.ballerinalang.packerina.task.CreateJarTask.execute(CreateJarTask.java:99)
	at org.ballerinalang.packerina.TaskExecutor.executeTasks(TaskExecutor.java:38)
	at org.ballerinalang.packerina.cmd.BuildCommand.execute(BuildCommand.java:427)
	at java.util.Optional.ifPresent(Optional.java:159)
	at org.ballerinalang.tool.Main.main(Main.java:57)
 
[2020-11-19 05:11:45,107] SEVERE {b7a.log.crash} - -1 
java.lang.ArrayIndexOutOfBoundsException: -1
	at org.objectweb.asm.Frame.getConcreteOutputType(Frame.java:1139)
	at org.objectweb.asm.Frame.merge(Frame.java:1184)
	at org.objectweb.asm.MethodWriter.computeAllFrames(MethodWriter.java:1607)
	at org.objectweb.asm.MethodWriter.visitMaxs(MethodWriter.java:1543)
	at org.wso2.ballerinalang.compiler.bir.codegen.JvmMethodGen.genJMethodForBFunc(JvmMethodGen.java:534)
	at org.wso2.ballerinalang.compiler.bir.codegen.JvmMethodGen.generateMethod(JvmMethodGen.java:248)
	at org.wso2.ballerinalang.compiler.bir.codegen.JvmValueGen$ObjectGenerator.createObjectMethods(JvmValueGen.java:310)
	at org.wso2.ballerinalang.compiler.bir.codegen.JvmValueGen$ObjectGenerator.createObjectValueClass(JvmValueGen.java:1192)
	at org.wso2.ballerinalang.compiler.bir.codegen.JvmValueGen$ObjectGenerator.generateValueClasses(JvmValueGen.java:1161)
	at org.wso2.ballerinalang.compiler.bir.codegen.JvmPackageGen.generatePackage(JvmPackageGen.java:280)
	at org.wso2.ballerinalang.compiler.bir.codegen.CodeGenerator.generate(CodeGenerator.java:101)
	at org.wso2.ballerinalang.compiler.bir.BackendDriver.codeGen(BackendDriver.java:77)
	at org.wso2.ballerinalang.compiler.bir.BackendDriver.execute(BackendDriver.java:73)
	at org.ballerinalang.packerina.task.CreateJarTask.execute(CreateJarTask.java:99)
	at org.ballerinalang.packerina.TaskExecutor.executeTasks(TaskExecutor.java:38)
	at org.ballerinalang.packerina.cmd.BuildCommand.execute(BuildCommand.java:427)
	at java.util.Optional.ifPresent(Optional.java:159)
	at org.ballerinalang.tool.Main.main(Main.java:57)
 
[2020-11-19 05:12:29,976] SEVERE {b7a.log.crash} - Illegal char <:> at index 11: acer/Server:0.1.0 
java.nio.file.InvalidPathException: Illegal char <:> at index 11: acer/Server:0.1.0
	at sun.nio.fs.WindowsPathParser.normalize(WindowsPathParser.java:182)
	at sun.nio.fs.WindowsPathParser.parse(WindowsPathParser.java:153)
	at sun.nio.fs.WindowsPathParser.parse(WindowsPathParser.java:77)
	at sun.nio.fs.WindowsPath.parse(WindowsPath.java:94)
	at sun.nio.fs.WindowsFileSystem.getPath(WindowsFileSystem.java:255)
	at sun.nio.fs.AbstractPath.resolve(AbstractPath.java:53)
	at org.ballerinalang.packerina.cmd.RunCommand.execute(RunCommand.java:191)
	at java.util.Optional.ifPresent(Optional.java:159)
	at org.ballerinalang.tool.Main.main(Main.java:57)
 
